<?xml version="1.0" encoding="UTF-8"?>
<!-- Generated by org.testng.reporters.JUnitReportReporter -->
<testsuite hostname="Niveditha" failures="0" tests="1" name="testscript.APIPostRest_xml" time="4.751" errors="0" timestamp="2022-08-03T22:39:28 EDT" skipped="0">
  <testcase classname="testscript.APIPostRest_xml" name="xmlcolonvalueread" time="4.751"/>
  <system-out/>
</testsuite> <!-- testscript.APIPostRest_xml -->
